#! /c/Source/iverilog-install/bin/vvp
:ivl_version "12.0 (devel)" "(s20150603-1110-g18392a46)";
:ivl_delay_selection "TYPICAL";
:vpi_time_precision + 0;
:vpi_module "C:\iverilog\lib\ivl\system.vpi";
:vpi_module "C:\iverilog\lib\ivl\vhdl_sys.vpi";
:vpi_module "C:\iverilog\lib\ivl\vhdl_textio.vpi";
:vpi_module "C:\iverilog\lib\ivl\v2005_math.vpi";
:vpi_module "C:\iverilog\lib\ivl\va_math.vpi";
S_00000217309b85a0 .scope module, "adder" "adder" 2 1;
 .timescale 0 0;
    .port_info 0 /INPUT 3 "a";
    .port_info 1 /INPUT 3 "b";
    .port_info 2 /OUTPUT 3 "sum";
    .port_info 3 /OUTPUT 1 "carry";
o0000021730816f78 .functor BUFZ 3, C4<zzz>; HiZ drive
v0000021730816ed0_0 .net "a", 2 0, o0000021730816f78;  0 drivers
o0000021730816fa8 .functor BUFZ 3, C4<zzz>; HiZ drive
v00000217307e30e0_0 .net "b", 2 0, o0000021730816fa8;  0 drivers
v00000217309b8730_0 .var "carry", 0 0;
v00000217309b87d0_0 .var "sum", 2 0;
    .scope S_00000217309b85a0;
T_0 ;
    %load/vec4 v0000021730816ed0_0;
    %pad/u 4;
    %load/vec4 v00000217307e30e0_0;
    %pad/u 4;
    %add;
    %split/vec4 3;
    %cassign/vec4 v00000217309b87d0_0;
    %cassign/vec4 v00000217309b8730_0;
    %vpi_call 2 7 "$display", "a = %b, b = %b, sum=%b, carry = %b", v0000021730816ed0_0, v00000217307e30e0_0, v00000217309b87d0_0, v00000217309b8730_0 {0 0 0};
    %end;
    .thread T_0;
# The file index is used to find the file name in the following table.
:file_names 3;
    "N/A";
    "<interactive>";
    "adder.v";
