Release 6.1i Map G.23
Xilinx Mapping Report File for Design 'mux_4_1_case_sel_stetement'

Design Information
------------------
Command Line   : C:/Xilinx/bin/nt/map.exe -intstyle ise -p xc2s15-cs144-6 -cm
area -pr b -k 4 -c 100 -tx off -o mux_4_1_case_sel_stetement_map.ncd
mux_4_1_case_sel_stetement.ngd mux_4_1_case_sel_stetement.pcf 
Target Device  : x2s15
Target Package : cs144
Target Speed   : -6
Mapper Version : spartan2 -- $Revision: 1.16 $
Mapped Date    : Wed Dec 25 15:17:53 2019

Design Summary
--------------
Number of errors:      0
Number of warnings:    0
Logic Utilization:
  Number of 4 input LUTs:             2 out of    384    1%
Logic Distribution:
    Number of occupied Slices:                           1 out of    192    1%
    Number of Slices containing only related logic:      1 out of      1  100%
    Number of Slices containing unrelated logic:         0 out of      1    0%
        *See NOTES below for an explanation of the effects of unrelated logic
Total Number of 4 input LUTs:         2 out of    384    1%
   Number of bonded IOBs:             7 out of     86    8%

Total equivalent gate count for design:  15
Additional JTAG gate count for IOBs:  336
Peak Memory Usage:  114 MB

NOTES:

   Related logic is defined as being logic that shares connectivity -
   e.g. two LUTs are "related" if they share common inputs.
   When assembling slices, Map gives priority to combine logic that
   is related.  Doing so results in the best timing performance.

   Unrelated logic shares no connectivity.  Map will only begin
   packing unrelated logic into a slice once 99% of the slices are
   occupied through related logic packing.

   Note that once logic distribution reaches the 99% level through
   related logic packing, this does not mean the device is completely
   utilized.  Unrelated logic packing will then begin, continuing until
   all usable LUTs and FFs are occupied.  Depending on your timing
   budget, increased levels of unrelated logic packing may adversely
   affect the overall timing performance of your design.


Table of Contents
-----------------
Section 1 - Errors
Section 2 - Warnings
Section 3 - Informational
Section 4 - Removed Logic Summary
Section 5 - Removed Logic
Section 6 - IOB Properties
Section 7 - RPMs
Section 8 - Guide Report
Section 9 - Area Group Summary
Section 10 - Modular Design Summary
Section 11 - Timing Report

Section 1 - Errors
------------------

Section 2 - Warnings
--------------------

Section 3 - Informational
-------------------------
INFO:LIT:95 - All of the external outputs in this design are using slew rate
   limited output drivers. The delay on speed critical outputs can be
   dramatically reduced by designating them as fast outputs in the schematic.
INFO:MapLib:562 - No environment variables are currently set.

Section 4 - Removed Logic Summary
---------------------------------

Section 5 - Removed Logic
-------------------------

Section 6 - IOB Properties
--------------------------

+------------------------------------------------------------------------------------------------------------------------+
| IOB Name                           | Type    | Direction | IO Standard | Drive    | Slew | Reg (s)  | Resistor | IOB   |
|                                    |         |           |             | Strength | Rate |          |          | Delay |
+------------------------------------------------------------------------------------------------------------------------+
| a                                  | IOB     | INPUT     | LVTTL       |          |      |          |          |       |
| b                                  | IOB     | INPUT     | LVTTL       |          |      |          |          |       |
| c                                  | IOB     | INPUT     | LVTTL       |          |      |          |          |       |
| d                                  | IOB     | INPUT     | LVTTL       |          |      |          |          |       |
| sel<0>                             | IOB     | INPUT     | LVTTL       |          |      |          |          |       |
| sel<1>                             | IOB     | INPUT     | LVTTL       |          |      |          |          |       |
| y                                  | IOB     | OUTPUT    | LVTTL       | 12       | SLOW |          |          |       |
+------------------------------------------------------------------------------------------------------------------------+

Section 7 - RPMs
----------------

Section 8 - Guide Report
------------------------
Guide not run on this design.

Section 9 - Area Group Summary
------------------------------
No area groups were found in this design.

Section 10 - Modular Design Summary
-----------------------------------
Modular Design not used for this design.

Section 11 - Timing Report
--------------------------
This design was not run using timing mode.
