#! /c/Source/iverilog-install/bin/vvp
:ivl_version "12.0 (devel)" "(s20150603-1110-g18392a46)";
:ivl_delay_selection "TYPICAL";
:vpi_time_precision + 0;
:vpi_module "C:\iverilog\lib\ivl\system.vpi";
:vpi_module "C:\iverilog\lib\ivl\vhdl_sys.vpi";
:vpi_module "C:\iverilog\lib\ivl\vhdl_textio.vpi";
:vpi_module "C:\iverilog\lib\ivl\v2005_math.vpi";
:vpi_module "C:\iverilog\lib\ivl\va_math.vpi";
S_0000020383f72ce0 .scope module, "a_logic" "a_logic" 2 1;
 .timescale 0 0;
    .port_info 0 /INPUT 1 "a";
    .port_info 1 /INPUT 1 "b";
    .port_info 2 /INPUT 1 "c";
    .port_info 3 /INPUT 1 "d";
    .port_info 4 /INPUT 1 "e";
    .port_info 5 /OUTPUT 1 "z";
o0000020383fa7098 .functor BUFZ 1, C4<z>; HiZ drive
o0000020383fa70c8 .functor BUFZ 1, C4<z>; HiZ drive
L_00000203840de560 .functor AND 1, o0000020383fa7098, o0000020383fa70c8, C4<1>, C4<1>;
o0000020383fa70f8 .functor BUFZ 1, C4<z>; HiZ drive
o0000020383fa7128 .functor BUFZ 1, C4<z>; HiZ drive
L_00000203840de5d0 .functor XOR 1, o0000020383fa70f8, o0000020383fa7128, C4<0>, C4<0>;
o0000020383fa7158 .functor BUFZ 1, C4<z>; HiZ drive
L_00000203840de640 .functor NOT 1, o0000020383fa7158, C4<0>, C4<0>, C4<0>;
L_00000203840de6b0 .functor AND 1, L_00000203840de5d0, L_00000203840de640, C4<1>, C4<1>;
L_00000203840de720 .functor OR 1, L_00000203840de560, L_00000203840de6b0, C4<0>, C4<0>;
v0000020383f72ee0_0 .net *"_ivl_0", 0 0, L_00000203840de560;  1 drivers
v0000020383f72f80_0 .net *"_ivl_2", 0 0, L_00000203840de5d0;  1 drivers
v0000020383f73020_0 .net *"_ivl_4", 0 0, L_00000203840de640;  1 drivers
v0000020383f730c0_0 .net *"_ivl_6", 0 0, L_00000203840de6b0;  1 drivers
v00000203840de110_0 .net "a", 0 0, o0000020383fa7098;  0 drivers
v00000203840de1b0_0 .net "b", 0 0, o0000020383fa70c8;  0 drivers
v00000203840de250_0 .net "c", 0 0, o0000020383fa70f8;  0 drivers
v00000203840de2f0_0 .net "d", 0 0, o0000020383fa7128;  0 drivers
v00000203840de390_0 .net "e", 0 0, o0000020383fa7158;  0 drivers
v00000203840de4c0_0 .net "z", 0 0, L_00000203840de720;  1 drivers
# The file index is used to find the file name in the following table.
:file_names 3;
    "N/A";
    "<interactive>";
    "a_logic.v";
