#! /c/Source/iverilog-install/bin/vvp
:ivl_version "12.0 (devel)" "(s20150603-1110-g18392a46)";
:ivl_delay_selection "TYPICAL";
:vpi_time_precision + 0;
:vpi_module "C:\iverilog\lib\ivl\system.vpi";
:vpi_module "C:\iverilog\lib\ivl\vhdl_sys.vpi";
:vpi_module "C:\iverilog\lib\ivl\vhdl_textio.vpi";
:vpi_module "C:\iverilog\lib\ivl\v2005_math.vpi";
:vpi_module "C:\iverilog\lib\ivl\va_math.vpi";
S_000001f766226c90 .scope module, "adder" "adder" 2 1;
 .timescale 0 0;
    .port_info 0 /INPUT 1 "a";
    .port_info 1 /INPUT 1 "b";
    .port_info 2 /OUTPUT 1 "sum";
    .port_info 3 /OUTPUT 1 "carry";
o000001f766226ec8 .functor BUFZ 1, C4<z>; HiZ drive
v000001f766226e20_0 .net "a", 0 0, o000001f766226ec8;  0 drivers
o000001f766226ef8 .functor BUFZ 1, C4<z>; HiZ drive
v000001f7661d6660_0 .net "b", 0 0, o000001f766226ef8;  0 drivers
v000001f7661dd630_0 .var "carry", 0 0;
v000001f7661dd6d0_0 .var "sum", 0 0;
    .scope S_000001f766226c90;
T_0 ;
    %load/vec4 v000001f766226e20_0;
    %load/vec4 v000001f7661d6660_0;
    %xor;
    %cassign/vec4 v000001f7661dd6d0_0;
    %load/vec4 v000001f766226e20_0;
    %load/vec4 v000001f7661d6660_0;
    %and;
    %cassign/vec4 v000001f7661dd630_0;
    %end;
    .thread T_0;
# The file index is used to find the file name in the following table.
:file_names 3;
    "N/A";
    "<interactive>";
    "adder.v";
