#! /c/Source/iverilog-install/bin/vvp
:ivl_version "12.0 (devel)" "(s20150603-1110-g18392a46)";
:ivl_delay_selection "TYPICAL";
:vpi_time_precision + 0;
:vpi_module "C:\iverilog\lib\ivl\system.vpi";
:vpi_module "C:\iverilog\lib\ivl\vhdl_sys.vpi";
:vpi_module "C:\iverilog\lib\ivl\vhdl_textio.vpi";
:vpi_module "C:\iverilog\lib\ivl\v2005_math.vpi";
:vpi_module "C:\iverilog\lib\ivl\va_math.vpi";
S_0000023c07c32df0 .scope module, "alogic" "alogic" 2 8;
 .timescale 0 0;
    .port_info 0 /INPUT 1 "a";
    .port_info 1 /INPUT 1 "b";
    .port_info 2 /INPUT 1 "c";
    .port_info 3 /INPUT 1 "d";
    .port_info 4 /INPUT 1 "e";
    .port_info 5 /OUTPUT 1 "z";
o0000023c07c66fa8 .functor BUFZ 1, C4<z>; HiZ drive
v0000023c07c32ff0_0 .net "a", 0 0, o0000023c07c66fa8;  0 drivers
o0000023c07c66fd8 .functor BUFZ 1, C4<z>; HiZ drive
v0000023c07c33090_0 .net "b", 0 0, o0000023c07c66fd8;  0 drivers
o0000023c07c67008 .functor BUFZ 1, C4<z>; HiZ drive
v0000023c07aaebe0_0 .net "c", 0 0, o0000023c07c67008;  0 drivers
o0000023c07c67038 .functor BUFZ 1, C4<z>; HiZ drive
v0000023c07aaec80_0 .net "d", 0 0, o0000023c07c67038;  0 drivers
o0000023c07c67068 .functor BUFZ 1, C4<z>; HiZ drive
v0000023c07aaed20_0 .net "e", 0 0, o0000023c07c67068;  0 drivers
v0000023c07aaedc0_0 .var "z", 0 0;
E_0000023c07aac370/0 .event anyedge, v0000023c07aaed20_0, v0000023c07aaec80_0, v0000023c07aaebe0_0, v0000023c07c33090_0;
E_0000023c07aac370/1 .event anyedge, v0000023c07c32ff0_0;
E_0000023c07aac370 .event/or E_0000023c07aac370/0, E_0000023c07aac370/1;
    .scope S_0000023c07c32df0;
T_0 ;
    %wait E_0000023c07aac370;
    %load/vec4 v0000023c07c32ff0_0;
    %load/vec4 v0000023c07c33090_0;
    %and;
    %load/vec4 v0000023c07aaebe0_0;
    %load/vec4 v0000023c07aaec80_0;
    %xor;
    %load/vec4 v0000023c07aaed20_0;
    %inv;
    %and;
    %or;
    %store/vec4 v0000023c07aaedc0_0, 0, 1;
    %jmp T_0;
    .thread T_0, $push;
# The file index is used to find the file name in the following table.
:file_names 3;
    "N/A";
    "<interactive>";
    "alogic.v";
