
Started process "Check Syntax".


=========================================================================
*                          HDL Compilation                              *
=========================================================================
Compiling source file "SystemVerilog.v"
ERROR:HDLCompilers:26 - SystemVerilog.v line 18 unexpected token: '{'
ERROR:HDLCompilers:26 - SystemVerilog.v line 18 unexpected token: ','
ERROR:HDLCompilers:26 - SystemVerilog.v line 18 unexpected token: ','
ERROR:HDLCompilers:26 - SystemVerilog.v line 18 unexpected token: ','
ERROR:HDLCompilers:26 - SystemVerilog.v line 18 unexpected token: ','
ERROR:HDLCompilers:26 - SystemVerilog.v line 18 unexpected token: ','
ERROR:HDLCompilers:26 - SystemVerilog.v line 18 unexpected token: '}'
ERROR:HDLCompilers:26 - SystemVerilog.v line 18 unexpected token: ';'
ERROR:HDLCompilers:28 - SystemVerilog.v line 22 'Colors' has not been declared
ERROR:HDLCompilers:26 - SystemVerilog.v line 24 unexpected token: 'i'
ERROR:HDLCompilers:28 - SystemVerilog.v line 24 'i' has not been declared
ERROR:HDLCompilers:28 - SystemVerilog.v line 24 'amp' has not been declared
ERROR:HDLCompilers:28 - SystemVerilog.v line 24 'amp' has not been declared
ERROR:HDLCompilers:26 - SystemVerilog.v line 24 expecting '=', found ';'
ERROR:HDLCompilers:26 - SystemVerilog.v line 24 expecting ')', found ';'
ERROR:HDLCompilers:26 - SystemVerilog.v line 24 expecting 'end', found '6'
ERROR:HDLCompilers:26 - SystemVerilog.v line 24 unexpected token: '+'
Module <enum_datatype> compiled
ERROR:HDLCompilers:26 - SystemVerilog.v line 24 expecting 'endmodule', found '+'
Analysis of file <enum_datatype.prj> failed.
--> 

Total memory usage is 92008 kilobytes


ERROR: XST failed
Process "Check Syntax" did not complete.

