#! /c/Source/iverilog-install/bin/vvp
:ivl_version "12.0 (devel)" "(s20150603-1110-g18392a46)";
:ivl_delay_selection "TYPICAL";
:vpi_time_precision + 0;
:vpi_module "C:\iverilog\lib\ivl\system.vpi";
:vpi_module "C:\iverilog\lib\ivl\vhdl_sys.vpi";
:vpi_module "C:\iverilog\lib\ivl\vhdl_textio.vpi";
:vpi_module "C:\iverilog\lib\ivl\v2005_math.vpi";
:vpi_module "C:\iverilog\lib\ivl\va_math.vpi";
S_00000262d17f2e10 .scope module, "D_ff_latch" "D_ff_latch" 2 12;
 .timescale 0 0;
    .port_info 0 /INPUT 1 "d";
    .port_info 1 /INPUT 1 "en";
    .port_info 2 /INPUT 1 "rst";
    .port_info 3 /OUTPUT 1 "q";
o00000262d1826f38 .functor BUFZ 1, C4<z>; HiZ drive
v00000262d17f33b0_0 .net "d", 0 0, o00000262d1826f38;  0 drivers
o00000262d1826f68 .functor BUFZ 1, C4<z>; HiZ drive
v00000262d17f2fa0_0 .net "en", 0 0, o00000262d1826f68;  0 drivers
v00000262d17f3040_0 .var "q", 0 0;
o00000262d1826fc8 .functor BUFZ 1, C4<z>; HiZ drive
v00000262d17f30e0_0 .net "rst", 0 0, o00000262d1826fc8;  0 drivers
E_00000262d1825710/0 .event negedge, v00000262d17f30e0_0;
E_00000262d1825710/1 .event posedge, v00000262d17f2fa0_0;
E_00000262d1825710 .event/or E_00000262d1825710/0, E_00000262d1825710/1;
    .scope S_00000262d17f2e10;
T_0 ;
    %wait E_00000262d1825710;
    %load/vec4 v00000262d17f30e0_0;
    %pad/u 32;
    %cmpi/e 0, 0, 32;
    %jmp/0xz  T_0.0, 4;
    %pushi/vec4 0, 0, 1;
    %assign/vec4 v00000262d17f3040_0, 0;
    %jmp T_0.1;
T_0.0 ;
    %load/vec4 v00000262d17f2fa0_0;
    %flag_set/vec4 8;
    %jmp/0xz  T_0.2, 8;
    %load/vec4 v00000262d17f33b0_0;
    %assign/vec4 v00000262d17f3040_0, 0;
T_0.2 ;
T_0.1 ;
    %jmp T_0;
    .thread T_0;
# The file index is used to find the file name in the following table.
:file_names 3;
    "N/A";
    "<interactive>";
    "D_ff_latch.v";
