#! /c/Source/iverilog-install/bin/vvp
:ivl_version "12.0 (devel)" "(s20150603-1110-g18392a46)";
:ivl_delay_selection "TYPICAL";
:vpi_time_precision + 0;
:vpi_module "C:\iverilog\lib\ivl\system.vpi";
:vpi_module "C:\iverilog\lib\ivl\vhdl_sys.vpi";
:vpi_module "C:\iverilog\lib\ivl\vhdl_textio.vpi";
:vpi_module "C:\iverilog\lib\ivl\v2005_math.vpi";
:vpi_module "C:\iverilog\lib\ivl\va_math.vpi";
S_000002246d3c6d80 .scope module, "dec_3x8" "dec_3x8" 2 1;
 .timescale 0 0;
    .port_info 0 /INPUT 1 "en";
    .port_info 1 /INPUT 4 "in";
    .port_info 2 /OUTPUT 16 "out";
L_000002246d40bf88 .functor BUFT 1, C4<0000000000000001>, C4<0>, C4<0>, C4<0>;
v000002246d393390_0 .net/2s *"_ivl_0", 15 0, L_000002246d40bf88;  1 drivers
v000002246d393720_0 .net *"_ivl_2", 15 0, L_000002246d37dad0;  1 drivers
L_000002246d40bfd0 .functor BUFT 1, C4<0000000000000000>, C4<0>, C4<0>, C4<0>;
v000002246d3930e0_0 .net/2s *"_ivl_4", 15 0, L_000002246d40bfd0;  1 drivers
o000002246d3c6fa8 .functor BUFZ 1, C4<z>; HiZ drive
v000002246d37d8f0_0 .net "en", 0 0, o000002246d3c6fa8;  0 drivers
o000002246d3c6fd8 .functor BUFZ 4, C4<zzzz>; HiZ drive
v000002246d37d990_0 .net "in", 3 0, o000002246d3c6fd8;  0 drivers
v000002246d37da30_0 .net "out", 15 0, L_000002246d37db70;  1 drivers
L_000002246d37dad0 .shift/l 16, L_000002246d40bf88, o000002246d3c6fd8;
L_000002246d37db70 .functor MUXZ 16, L_000002246d40bfd0, L_000002246d37dad0, o000002246d3c6fa8, C4<>;
# The file index is used to find the file name in the following table.
:file_names 3;
    "N/A";
    "<interactive>";
    "dec_3x8.v";
