#! /c/Source/iverilog-install/bin/vvp
:ivl_version "12.0 (devel)" "(s20150603-1110-g18392a46)";
:ivl_delay_selection "TYPICAL";
:vpi_time_precision + 0;
:vpi_module "C:\iverilog\lib\ivl\system.vpi";
:vpi_module "C:\iverilog\lib\ivl\vhdl_sys.vpi";
:vpi_module "C:\iverilog\lib\ivl\vhdl_textio.vpi";
:vpi_module "C:\iverilog\lib\ivl\v2005_math.vpi";
:vpi_module "C:\iverilog\lib\ivl\va_math.vpi";
S_00000172bc1d2e10 .scope module, "Dff_pos_clk_Asynch_rst" "Dff_pos_clk_Asynch_rst" 2 54;
 .timescale 0 0;
    .port_info 0 /INPUT 1 "D";
    .port_info 1 /INPUT 1 "clk";
    .port_info 2 /INPUT 1 "asynk_reset";
    .port_info 3 /OUTPUT 1 "Q";
o00000172bc206fa8 .functor BUFZ 1, C4<z>; HiZ drive
v00000172bc1d2fa0_0 .net "D", 0 0, o00000172bc206fa8;  0 drivers
v00000172bc1d3040_0 .var "Q", 0 0;
o00000172bc207008 .functor BUFZ 1, C4<z>; HiZ drive
v00000172bc1d30e0_0 .net "asynk_reset", 0 0, o00000172bc207008;  0 drivers
o00000172bc207038 .functor BUFZ 1, C4<z>; HiZ drive
v00000172bc06da80_0 .net "clk", 0 0, o00000172bc207038;  0 drivers
E_00000172bc2059b0/0 .event negedge, v00000172bc06da80_0;
E_00000172bc2059b0/1 .event posedge, v00000172bc1d30e0_0;
E_00000172bc2059b0 .event/or E_00000172bc2059b0/0, E_00000172bc2059b0/1;
    .scope S_00000172bc1d2e10;
T_0 ;
    %wait E_00000172bc2059b0;
    %load/vec4 v00000172bc1d30e0_0;
    %cmpi/e 1, 0, 1;
    %jmp/0xz  T_0.0, 4;
    %pushi/vec4 0, 0, 1;
    %assign/vec4 v00000172bc1d3040_0, 0;
    %jmp T_0.1;
T_0.0 ;
    %load/vec4 v00000172bc1d2fa0_0;
    %assign/vec4 v00000172bc1d3040_0, 0;
T_0.1 ;
    %jmp T_0;
    .thread T_0;
# The file index is used to find the file name in the following table.
:file_names 3;
    "N/A";
    "<interactive>";
    "Dff_pos_clk_Asynch_rst.v";
