#! /c/Source/iverilog-install/bin/vvp
:ivl_version "12.0 (devel)" "(s20150603-1110-g18392a46)";
:ivl_delay_selection "TYPICAL";
:vpi_time_precision + 0;
:vpi_module "C:\iverilog\lib\ivl\system.vpi";
:vpi_module "C:\iverilog\lib\ivl\vhdl_sys.vpi";
:vpi_module "C:\iverilog\lib\ivl\vhdl_textio.vpi";
:vpi_module "C:\iverilog\lib\ivl\v2005_math.vpi";
:vpi_module "C:\iverilog\lib\ivl\va_math.vpi";
S_0000026a1e05ede0 .scope module, "even_number" "even_number" 2 19;
 .timescale 0 0;
v0000026a1dea3480_0 .var "a", 7 0;
v0000026a1dea30e0_0 .var "b", 1 0;
v0000026a1e05b710_0 .var/i "i", 31 0;
    .scope S_0000026a1e05ede0;
T_0 ;
    %pushi/vec4 0, 0, 32;
    %store/vec4 v0000026a1e05b710_0, 0, 32;
T_0.0 ;
    %load/vec4 v0000026a1e05b710_0;
    %cmpi/s 10, 0, 32;
    %flag_or 5, 4;
    %jmp/0xz T_0.1, 5;
    %vpi_func 2 27 "$random" 32 {0 0 0};
    %muli 0, 0, 32;
    %load/vec4 v0000026a1e05b710_0;
    %muli 2, 0, 32;
    %add;
    %pad/s 8;
    %store/vec4 v0000026a1dea3480_0, 0, 8;
    %delay 100, 0;
    %vpi_func 2 29 "$random" 32 {0 0 0};
    %pushi/vec4 20, 0, 32;
    %mod/s;
    %pad/s 2;
    %store/vec4 v0000026a1dea30e0_0, 0, 2;
    %vpi_call 2 30 "$display", "%d = A: %d, B: %d", v0000026a1e05b710_0, v0000026a1dea3480_0, v0000026a1dea30e0_0 {0 0 0};
    %load/vec4 v0000026a1e05b710_0;
    %addi 2, 0, 32;
    %pad/s 8;
    %store/vec4 v0000026a1dea3480_0, 0, 8;
    %load/vec4 v0000026a1e05b710_0;
    %addi 1, 0, 32;
    %store/vec4 v0000026a1e05b710_0, 0, 32;
    %jmp T_0.0;
T_0.1 ;
    %end;
    .thread T_0;
# The file index is used to find the file name in the following table.
:file_names 3;
    "N/A";
    "<interactive>";
    "even_number.v";
