--------------------------------------------------------------------------------
Release 6.1i Trace G.23
Copyright (c) 1995-2003 Xilinx, Inc.  All rights reserved.

C:/Xilinx/bin/nt/trce.exe -intstyle ise -e 3 -l 3 -xml
mux_4_1_case_sel_stetement mux_4_1_case_sel_stetement.ncd -o
mux_4_1_case_sel_stetement.twr mux_4_1_case_sel_stetement.pcf


Design file:              mux_4_1_case_sel_stetement.ncd
Physical constraint file: mux_4_1_case_sel_stetement.pcf
Device,speed:             xc2s15,-6 (PRODUCTION 1.27 2003-06-19)
Report level:             error report

Environment Variable      Effect 
--------------------      ------ 
NONE                      No environment variables were set
--------------------------------------------------------------------------------

INFO:Timing:2698 - No timing constraints found, doing default enumeration.
INFO:Timing:2752 - To get complete path coverage, use the unconstrained paths
   option. All paths that are not constrained will be reported in the
   unconstrained paths section(s) of the report.


Data Sheet report:
-----------------
All values displayed in nanoseconds (ns)

Pad to Pad
---------------+---------------+---------+
Source Pad     |Destination Pad|  Delay  |
---------------+---------------+---------+
a              |y              |    7.974|
b              |y              |    7.679|
c              |y              |    7.934|
d              |y              |    7.608|
sel<0>         |y              |    8.245|
sel<1>         |y              |    7.803|
---------------+---------------+---------+

Analysis completed Wed Dec 25 15:18:00 2019
--------------------------------------------------------------------------------

Peak Memory Usage: 73 MB
