#! /c/Source/iverilog-install/bin/vvp
:ivl_version "12.0 (devel)" "(s20150603-1110-g18392a46)";
:ivl_delay_selection "TYPICAL";
:vpi_time_precision + 0;
:vpi_module "C:\iverilog\lib\ivl\system.vpi";
:vpi_module "C:\iverilog\lib\ivl\vhdl_sys.vpi";
:vpi_module "C:\iverilog\lib\ivl\vhdl_textio.vpi";
:vpi_module "C:\iverilog\lib\ivl\v2005_math.vpi";
:vpi_module "C:\iverilog\lib\ivl\va_math.vpi";
S_0000027309232df0 .scope module, "sd10011_moore_over" "sd10011_moore_over" 2 1;
 .timescale 0 0;
    .port_info 0 /INPUT 1 "clk";
    .port_info 1 /INPUT 1 "reset";
    .port_info 2 /INPUT 1 "din";
    .port_info 3 /OUTPUT 1 "dout";
P_0000027309232f80 .param/l "S0" 0 2 5, +C4<00000000000000000000000000000000>;
P_0000027309232fb8 .param/l "S1" 0 2 6, +C4<00000000000000000000000000000001>;
P_0000027309232ff0 .param/l "S2" 0 2 7, +C4<00000000000000000000000000000010>;
P_0000027309233028 .param/l "S3" 0 2 8, +C4<00000000000000000000000000000011>;
P_0000027309233060 .param/l "S4" 0 2 9, +C4<00000000000000000000000000000100>;
P_0000027309233098 .param/l "S5" 0 2 10, +C4<00000000000000000000000000000101>;
o0000027309269fa8 .functor BUFZ 1, C4<z>; HiZ drive
v00000273092333b0_0 .net "clk", 0 0, o0000027309269fa8;  0 drivers
o0000027309269fd8 .functor BUFZ 1, C4<z>; HiZ drive
v00000273092330e0_0 .net "din", 0 0, o0000027309269fd8;  0 drivers
v0000027309264ec0_0 .var "dout", 0 0;
o000002730926a038 .functor BUFZ 1, C4<z>; HiZ drive
v0000027309264f60_0 .net "reset", 0 0, o000002730926a038;  0 drivers
v0000027309265000_0 .var "state", 0 0;
E_0000027309348a30 .event posedge, v0000027309264f60_0, v00000273092333b0_0;
    .scope S_0000027309232df0;
T_0 ;
    %wait E_0000027309348a30;
    %load/vec4 v0000027309264f60_0;
    %flag_set/vec4 8;
    %jmp/0xz  T_0.0, 8;
    %pushi/vec4 0, 0, 1;
    %assign/vec4 v0000027309264ec0_0, 0;
    %pushi/vec4 0, 0, 1;
    %assign/vec4 v0000027309265000_0, 0;
    %jmp T_0.1;
T_0.0 ;
    %load/vec4 v0000027309265000_0;
    %pad/u 3;
    %dup/vec4;
    %pushi/vec4 0, 0, 3;
    %cmp/u;
    %jmp/1 T_0.2, 6;
    %dup/vec4;
    %pushi/vec4 1, 0, 3;
    %cmp/u;
    %jmp/1 T_0.3, 6;
    %dup/vec4;
    %pushi/vec4 2, 0, 3;
    %cmp/u;
    %jmp/1 T_0.4, 6;
    %dup/vec4;
    %pushi/vec4 3, 0, 3;
    %cmp/u;
    %jmp/1 T_0.5, 6;
    %dup/vec4;
    %pushi/vec4 4, 0, 3;
    %cmp/u;
    %jmp/1 T_0.6, 6;
    %dup/vec4;
    %pushi/vec4 5, 0, 3;
    %cmp/u;
    %jmp/1 T_0.7, 6;
    %jmp T_0.8;
T_0.2 ;
    %pushi/vec4 0, 0, 1;
    %assign/vec4 v0000027309264ec0_0, 0;
    %load/vec4 v00000273092330e0_0;
    %flag_set/vec4 8;
    %jmp/0xz  T_0.9, 8;
    %pushi/vec4 1, 0, 1;
    %assign/vec4 v0000027309265000_0, 0;
T_0.9 ;
    %jmp T_0.8;
T_0.3 ;
    %pushi/vec4 0, 0, 1;
    %assign/vec4 v0000027309264ec0_0, 0;
    %load/vec4 v00000273092330e0_0;
    %inv;
    %flag_set/vec4 8;
    %jmp/0xz  T_0.11, 8;
    %pushi/vec4 0, 0, 1;
    %assign/vec4 v0000027309265000_0, 0;
T_0.11 ;
    %jmp T_0.8;
T_0.4 ;
    %pushi/vec4 0, 0, 1;
    %assign/vec4 v0000027309264ec0_0, 0;
    %load/vec4 v00000273092330e0_0;
    %inv;
    %flag_set/vec4 8;
    %jmp/0xz  T_0.13, 8;
    %pushi/vec4 1, 0, 1;
    %assign/vec4 v0000027309265000_0, 0;
    %jmp T_0.14;
T_0.13 ;
    %pushi/vec4 1, 0, 1;
    %assign/vec4 v0000027309265000_0, 0;
T_0.14 ;
    %jmp T_0.8;
T_0.5 ;
    %pushi/vec4 0, 0, 1;
    %assign/vec4 v0000027309264ec0_0, 0;
    %load/vec4 v00000273092330e0_0;
    %flag_set/vec4 8;
    %jmp/0xz  T_0.15, 8;
    %pushi/vec4 0, 0, 1;
    %assign/vec4 v0000027309265000_0, 0;
    %jmp T_0.16;
T_0.15 ;
    %pushi/vec4 0, 0, 1;
    %assign/vec4 v0000027309265000_0, 0;
T_0.16 ;
    %jmp T_0.8;
T_0.6 ;
    %pushi/vec4 0, 0, 1;
    %assign/vec4 v0000027309264ec0_0, 0;
    %load/vec4 v00000273092330e0_0;
    %flag_set/vec4 8;
    %jmp/0xz  T_0.17, 8;
    %pushi/vec4 1, 0, 1;
    %assign/vec4 v0000027309265000_0, 0;
    %jmp T_0.18;
T_0.17 ;
    %pushi/vec4 0, 0, 1;
    %assign/vec4 v0000027309265000_0, 0;
T_0.18 ;
    %jmp T_0.8;
T_0.7 ;
    %pushi/vec4 1, 0, 1;
    %assign/vec4 v0000027309264ec0_0, 0;
    %load/vec4 v00000273092330e0_0;
    %flag_set/vec4 8;
    %jmp/0xz  T_0.19, 8;
    %pushi/vec4 1, 0, 1;
    %assign/vec4 v0000027309265000_0, 0;
    %jmp T_0.20;
T_0.19 ;
    %pushi/vec4 0, 0, 1;
    %assign/vec4 v0000027309265000_0, 0;
T_0.20 ;
    %jmp T_0.8;
T_0.8 ;
    %pop/vec4 1;
T_0.1 ;
    %jmp T_0;
    .thread T_0;
# The file index is used to find the file name in the following table.
:file_names 3;
    "N/A";
    "<interactive>";
    "sd10011_moore_over.v";
